Elapsed: 00:00:00.06

Execution Plan
----------------------------------------------------------
Plan hash value: 2342723482

--------------------------------------------------------------------------------
--------------------------

| Id  | Operation                     | Name                     | Rows  | Bytes
 | Cost (%CPU)| Time     |

--------------------------------------------------------------------------------
--------------------------

|   0 | SELECT STATEMENT              |                          |     1 |    26
 |   561   (1)| 00:00:01 |

|   1 |  SORT AGGREGATE               |                          |     1 |    26
 |            |          |

|   2 |   MAT_VIEW REWRITE ACCESS FULL| LINEITEM_SHIP_DISC_QUANT | 97860 |  2484
K|   561   (1)| 00:00:01 |

--------------------------------------------------------------------------------
--------------------------


Note
-----
   - dynamic statistics used: dynamic sampling (level=2)


Statistics
----------------------------------------------------------
         13  recursive calls
          0  db block gets
       2134  consistent gets
       2064  physical reads
          0  redo size
        547  bytes sent via SQL*Net to client
        552  bytes received via SQL*Net from client
          2  SQL*Net roundtrips to/from client
          0  sorts (memory)
          0  sorts (disk)
          1  rows processed



Elapsed: 00:00:00.04

Execution Plan
----------------------------------------------------------
Plan hash value: 2342723482

--------------------------------------------------------------------------------
--------------------------

| Id  | Operation                     | Name                     | Rows  | Bytes
 | Cost (%CPU)| Time     |

--------------------------------------------------------------------------------
--------------------------

|   0 | SELECT STATEMENT              |                          |     1 |    26
 |   561   (1)| 00:00:01 |

|   1 |  SORT AGGREGATE               |                          |     1 |    26
 |            |          |

|   2 |   MAT_VIEW REWRITE ACCESS FULL| LINEITEM_SHIP_DISC_QUANT | 97860 |  2484
K|   561   (1)| 00:00:01 |

--------------------------------------------------------------------------------
--------------------------


Note
-----
   - dynamic statistics used: dynamic sampling (level=2)


Statistics
----------------------------------------------------------
          0  recursive calls
          0  db block gets
       2070  consistent gets
          0  physical reads
          0  redo size
        547  bytes sent via SQL*Net to client
        552  bytes received via SQL*Net from client
          2  SQL*Net roundtrips to/from client
          0  sorts (memory)
          0  sorts (disk)
          1  rows processed



Elapsed: 00:00:00.04

Execution Plan
----------------------------------------------------------
Plan hash value: 2342723482

--------------------------------------------------------------------------------
--------------------------

| Id  | Operation                     | Name                     | Rows  | Bytes
 | Cost (%CPU)| Time     |

--------------------------------------------------------------------------------
--------------------------

|   0 | SELECT STATEMENT              |                          |     1 |    26
 |   561   (1)| 00:00:01 |

|   1 |  SORT AGGREGATE               |                          |     1 |    26
 |            |          |

|   2 |   MAT_VIEW REWRITE ACCESS FULL| LINEITEM_SHIP_DISC_QUANT | 97860 |  2484
K|   561   (1)| 00:00:01 |

--------------------------------------------------------------------------------
--------------------------


Note
-----
   - dynamic statistics used: dynamic sampling (level=2)


Statistics
----------------------------------------------------------
          0  recursive calls
          0  db block gets
       2070  consistent gets
          0  physical reads
          0  redo size
        547  bytes sent via SQL*Net to client
        552  bytes received via SQL*Net from client
          2  SQL*Net roundtrips to/from client
          0  sorts (memory)
          0  sorts (disk)
          1  rows processed



Elapsed: 00:00:00.04

Execution Plan
----------------------------------------------------------
Plan hash value: 2342723482

--------------------------------------------------------------------------------
--------------------------

| Id  | Operation                     | Name                     | Rows  | Bytes
 | Cost (%CPU)| Time     |

--------------------------------------------------------------------------------
--------------------------

|   0 | SELECT STATEMENT              |                          |     1 |    26
 |   561   (1)| 00:00:01 |

|   1 |  SORT AGGREGATE               |                          |     1 |    26
 |            |          |

|   2 |   MAT_VIEW REWRITE ACCESS FULL| LINEITEM_SHIP_DISC_QUANT | 97860 |  2484
K|   561   (1)| 00:00:01 |

--------------------------------------------------------------------------------
--------------------------


Note
-----
   - dynamic statistics used: dynamic sampling (level=2)


Statistics
----------------------------------------------------------
          0  recursive calls
          0  db block gets
       2070  consistent gets
          0  physical reads
          0  redo size
        547  bytes sent via SQL*Net to client
        552  bytes received via SQL*Net from client
          2  SQL*Net roundtrips to/from client
          0  sorts (memory)
          0  sorts (disk)
          1  rows processed



Elapsed: 00:00:00.05

Execution Plan
----------------------------------------------------------
Plan hash value: 2342723482

--------------------------------------------------------------------------------
--------------------------

| Id  | Operation                     | Name                     | Rows  | Bytes
 | Cost (%CPU)| Time     |

--------------------------------------------------------------------------------
--------------------------

|   0 | SELECT STATEMENT              |                          |     1 |    26
 |   561   (1)| 00:00:01 |

|   1 |  SORT AGGREGATE               |                          |     1 |    26
 |            |          |

|   2 |   MAT_VIEW REWRITE ACCESS FULL| LINEITEM_SHIP_DISC_QUANT | 97860 |  2484
K|   561   (1)| 00:00:01 |

--------------------------------------------------------------------------------
--------------------------


Note
-----
   - dynamic statistics used: dynamic sampling (level=2)


Statistics
----------------------------------------------------------
          0  recursive calls
          0  db block gets
       2070  consistent gets
          0  physical reads
          0  redo size
        547  bytes sent via SQL*Net to client
        552  bytes received via SQL*Net from client
          2  SQL*Net roundtrips to/from client
          0  sorts (memory)
          0  sorts (disk)
          1  rows processed
